[debug] [2025-12-08T12:10:32.181Z] ----------------------------------------------------------------------
[debug] [2025-12-08T12:10:32.184Z] Command:       /nix/store/ixbb20farqh1f4fqbmsn6b1ixn8mc8ij-nodejs-20.18.1/bin/node /home/user/.global_modules/bin/firebase init apphosting
[debug] [2025-12-08T12:10:32.185Z] CLI Version:   14.27.0
[debug] [2025-12-08T12:10:32.185Z] Platform:      linux
[debug] [2025-12-08T12:10:32.185Z] Node Version:  v20.18.1
[debug] [2025-12-08T12:10:32.186Z] Time:          Mon Dec 08 2025 12:10:32 GMT+0000 (Coordinated Universal Time)
[debug] [2025-12-08T12:10:32.186Z] ----------------------------------------------------------------------
[debug] 
[debug] [2025-12-08T12:10:32.189Z] >>> [apiv2][query] GET https://firebase-public.firebaseio.com/cli.json [none]
[debug] [2025-12-08T12:10:32.300Z] No OAuth tokens found
[debug] [2025-12-08T12:10:32.301Z] No OAuth tokens found
[error] Failed to fetch Firebase Project from current Studio Workspace: Unable to refresh auth: not yet authenticated.
[info] 
     ######## #### ########  ######## ########     ###     ######  ########
     ##        ##  ##     ## ##       ##     ##  ##   ##  ##       ##
     ######    ##  ########  ######   ########  #########  ######  ######
     ##        ##  ##    ##  ##       ##     ## ##     ##       ## ##
     ##       #### ##     ## ######## ########  ##     ##  ######  ########

You're about to initialize a Firebase project in this directory:

  /home/user/InfocusApp

[info] 
=== Project Setup
[info] 
[info] First, let's associate this project directory with a Firebase project.
[info] You can create multiple project aliases by running firebase use --add, 
[info] 
[debug] [2025-12-08T12:10:32.593Z] <<< [apiv2][status] GET https://firebase-public.firebaseio.com/cli.json 200
[debug] [2025-12-08T12:10:32.594Z] <<< [apiv2][body] GET https://firebase-public.firebaseio.com/cli.json {"cloudBuildErrorAfter":1594252800000,"cloudBuildWarnAfter":1590019200000,"defaultNode10After":1594252800000,"minVersion":"3.0.5","node8DeploysDisabledAfter":1613390400000,"node8RuntimeDisabledAfter":1615809600000,"node8WarnAfter":1600128000000}
